wc: tdomains/tohwa-u.ac.jp: No such file or directory
wc: tdomains/tufs.ac.jp: No such file or directory
wc: tdomains/tu-darmstadt.de: No such file or directory
wc: tdomains/toyama-u.ac.jp: No such file or directory
wc: tdomains/tokushima-u.ac.jp: No such file or directory
wc: tdomains/tuzvo.sk: No such file or directory
./tprobe-knownhosts: line 5: [: 1: unary operator expected
./tprobe-knownhosts: line 5: [: 1: unary operator expected
wc: tdomains/tum.ac.ke: No such file or directory
wc: tdomains/tohoku.ac.jp: No such file or directory
wc: tdomains/tup.km.ua: No such file or directory
wc: tdomains/tukkk.fi: No such file or directory
wc: tdomains/tut.fi: No such file or directory
wc: tdomains/tusculum.edu: No such file or directory
wc: tdomains/tusom.org: No such file or directory
./tprobe-knownhosts: line 5: [: 1: unary operator expected
./tprobe-knownhosts: line 5: [: 1: unary operator expected
wc: tdomains/toyoeiwa.ac.jp: No such file or directory
./tprobe-knownhosts: line 5: [: 1: unary operator expected
./tprobe-knownhosts: line 5: [: 1: unary operator expected
./tprobe-knownhosts: line 5: [: 1: unary operator expected
wc: tdomains/toledo.br: No such file or directory
wc: tdomains/tuke.sk: No such file or directory
./tprobe-knownhosts: line 5: [: 1: unary operator expected
./tprobe-knownhosts: line 5: [: 1: unary operator expected
wc: tdomains/tuaf.edu.vn: No such file or directory
./tprobe-knownhosts: line 5: [: 1: unary operator expected
wc: tdomains/tuad.ac.jp: No such file or directory
./tprobe-knownhosts: line 5: [: 1: unary operator expected
./tprobe-knownhosts: line 5: [: 1: unary operator expected
./tprobe-knownhosts: line 5: [: 1: unary operator expected
./tprobe-knownhosts: line 5: [: 1: unary operator expected
./tprobe-knownhosts: line 5: [: 1: unary operator expected
./tprobe-knownhosts: line 5: [: 1: unary operator expected
./tprobe-knownhosts: line 5: [: 1: unary operator expected
./tprobe-knownhosts: line 5: [: 1: unary operator expected
